<?xml version="1.0" encoding="UTF-8"?>
<testng-results ignored="0" total="2" passed="2" failed="0" skipped="0">
  <reporter-output>
  </reporter-output>
  <suite started-at="2024-02-08T13:49:53 IST" name="Suite" finished-at="2024-02-08T13:50:07 IST" duration-ms="14339">
    <groups>
      <group name="regression">
        <method signature="TC_001_AccountRegistrationTest.verify_account_registration()[pri:0, instance:testCases.TC_001_AccountRegistrationTest@5b7ea70d]" name="verify_account_registration" class="testCases.TC_001_AccountRegistrationTest"/>
      </group> <!-- regression -->
      <group name="sanity">
        <method signature="TC_002_Login_Test_Case.loginTest()[pri:0, instance:testCases.TC_002_Login_Test_Case@f0e995e]" name="loginTest" class="testCases.TC_002_Login_Test_Case"/>
      </group> <!-- sanity -->
      <group name="master">
        <method signature="TC_001_AccountRegistrationTest.verify_account_registration()[pri:0, instance:testCases.TC_001_AccountRegistrationTest@5b7ea70d]" name="verify_account_registration" class="testCases.TC_001_AccountRegistrationTest"/>
        <method signature="TC_002_Login_Test_Case.loginTest()[pri:0, instance:testCases.TC_002_Login_Test_Case@f0e995e]" name="loginTest" class="testCases.TC_002_Login_Test_Case"/>
      </group> <!-- master -->
    </groups>
    <test started-at="2024-02-08T13:49:53 IST" name="Test" finished-at="2024-02-08T13:50:07 IST" duration-ms="14339">
      <class name="testCases.TC_001_AccountRegistrationTest">
        <test-method is-config="true" signature="setUp(java.lang.String,java.lang.String)[pri:0, instance:testCases.TC_001_AccountRegistrationTest@5b7ea70d]" started-at="2024-02-08T13:49:53 IST" name="setUp" finished-at="2024-02-08T13:49:57 IST" duration-ms="3647" status="PASS">
          <params>
            <param index="0">
              <value>
                <![CDATA[windows]]>
              </value>
            </param>
            <param index="1">
              <value>
                <![CDATA[chrome]]>
              </value>
            </param>
          </params>
          <reporter-output>
          </reporter-output>
        </test-method> <!-- setUp -->
        <test-method signature="verify_account_registration()[pri:0, instance:testCases.TC_001_AccountRegistrationTest@5b7ea70d]" started-at="2024-02-08T13:49:57 IST" name="verify_account_registration" finished-at="2024-02-08T13:50:02 IST" duration-ms="5090" status="PASS">
          <reporter-output>
          </reporter-output>
        </test-method> <!-- verify_account_registration -->
        <test-method is-config="true" signature="tearDown()[pri:0, instance:testCases.TC_001_AccountRegistrationTest@5b7ea70d]" started-at="2024-02-08T13:50:02 IST" name="tearDown" finished-at="2024-02-08T13:50:02 IST" duration-ms="194" status="PASS">
          <reporter-output>
          </reporter-output>
        </test-method> <!-- tearDown -->
      </class> <!-- testCases.TC_001_AccountRegistrationTest -->
      <class name="testCases.TC_002_Login_Test_Case">
        <test-method is-config="true" signature="setUp(java.lang.String,java.lang.String)[pri:0, instance:testCases.TC_002_Login_Test_Case@f0e995e]" started-at="2024-02-08T13:50:02 IST" name="setUp" finished-at="2024-02-08T13:50:05 IST" duration-ms="2977" status="PASS">
          <params>
            <param index="0">
              <value>
                <![CDATA[windows]]>
              </value>
            </param>
            <param index="1">
              <value>
                <![CDATA[chrome]]>
              </value>
            </param>
          </params>
          <reporter-output>
          </reporter-output>
        </test-method> <!-- setUp -->
        <test-method signature="loginTest()[pri:0, instance:testCases.TC_002_Login_Test_Case@f0e995e]" started-at="2024-02-08T13:50:05 IST" name="loginTest" finished-at="2024-02-08T13:50:07 IST" duration-ms="1958" status="PASS">
          <reporter-output>
          </reporter-output>
        </test-method> <!-- loginTest -->
        <test-method is-config="true" signature="tearDown()[pri:0, instance:testCases.TC_002_Login_Test_Case@f0e995e]" started-at="2024-02-08T13:50:07 IST" name="tearDown" finished-at="2024-02-08T13:50:07 IST" duration-ms="209" status="PASS">
          <reporter-output>
          </reporter-output>
        </test-method> <!-- tearDown -->
      </class> <!-- testCases.TC_002_Login_Test_Case -->
    </test> <!-- Test -->
  </suite> <!-- Suite -->
</testng-results>
