<?xml version="1.0" encoding="UTF-8"?>
<testng-results ignored="0" total="2" passed="2" failed="0" skipped="0">
  <reporter-output>
  </reporter-output>
  <suite started-at="2024-02-07T13:34:27 IST" name="Suite" finished-at="2024-02-07T13:34:47 IST" duration-ms="19784">
    <groups>
      <group name="regression">
        <method signature="TC_001_AccountRegistrationTest.verify_account_registration()[pri:0, instance:testCases.TC_001_AccountRegistrationTest@750fe12e]" name="verify_account_registration" class="testCases.TC_001_AccountRegistrationTest"/>
      </group> <!-- regression -->
      <group name="sanity">
        <method signature="TC_002_Login_Test_Case.loginTest()[pri:0, instance:testCases.TC_002_Login_Test_Case@7957dc72]" name="loginTest" class="testCases.TC_002_Login_Test_Case"/>
      </group> <!-- sanity -->
      <group name="master">
        <method signature="TC_001_AccountRegistrationTest.verify_account_registration()[pri:0, instance:testCases.TC_001_AccountRegistrationTest@750fe12e]" name="verify_account_registration" class="testCases.TC_001_AccountRegistrationTest"/>
        <method signature="TC_002_Login_Test_Case.loginTest()[pri:0, instance:testCases.TC_002_Login_Test_Case@7957dc72]" name="loginTest" class="testCases.TC_002_Login_Test_Case"/>
      </group> <!-- master -->
    </groups>
    <test started-at="2024-02-07T13:34:27 IST" name="Test" finished-at="2024-02-07T13:34:47 IST" duration-ms="19784">
      <class name="testCases.TC_001_AccountRegistrationTest">
        <test-method is-config="true" signature="setUp(java.lang.String,java.lang.String)[pri:0, instance:testCases.TC_001_AccountRegistrationTest@750fe12e]" started-at="2024-02-07T13:34:28 IST" name="setUp" finished-at="2024-02-07T13:34:33 IST" duration-ms="5658" status="PASS">
          <params>
            <param index="0">
              <value>
                <![CDATA[windows]]>
              </value>
            </param>
            <param index="1">
              <value>
                <![CDATA[chrome]]>
              </value>
            </param>
          </params>
          <reporter-output>
          </reporter-output>
        </test-method> <!-- setUp -->
        <test-method signature="verify_account_registration()[pri:0, instance:testCases.TC_001_AccountRegistrationTest@750fe12e]" started-at="2024-02-07T13:34:33 IST" name="verify_account_registration" finished-at="2024-02-07T13:34:39 IST" duration-ms="5565" status="PASS">
          <reporter-output>
          </reporter-output>
        </test-method> <!-- verify_account_registration -->
        <test-method is-config="true" signature="tearDown()[pri:0, instance:testCases.TC_001_AccountRegistrationTest@750fe12e]" started-at="2024-02-07T13:34:39 IST" name="tearDown" finished-at="2024-02-07T13:34:39 IST" duration-ms="296" status="PASS">
          <reporter-output>
          </reporter-output>
        </test-method> <!-- tearDown -->
      </class> <!-- testCases.TC_001_AccountRegistrationTest -->
      <class name="testCases.TC_002_Login_Test_Case">
        <test-method is-config="true" signature="setUp(java.lang.String,java.lang.String)[pri:0, instance:testCases.TC_002_Login_Test_Case@7957dc72]" started-at="2024-02-07T13:34:39 IST" name="setUp" finished-at="2024-02-07T13:34:43 IST" duration-ms="4030" status="PASS">
          <params>
            <param index="0">
              <value>
                <![CDATA[windows]]>
              </value>
            </param>
            <param index="1">
              <value>
                <![CDATA[chrome]]>
              </value>
            </param>
          </params>
          <reporter-output>
          </reporter-output>
        </test-method> <!-- setUp -->
        <test-method signature="loginTest()[pri:0, instance:testCases.TC_002_Login_Test_Case@7957dc72]" started-at="2024-02-07T13:34:43 IST" name="loginTest" finished-at="2024-02-07T13:34:47 IST" duration-ms="3568" status="PASS">
          <reporter-output>
          </reporter-output>
        </test-method> <!-- loginTest -->
        <test-method is-config="true" signature="tearDown()[pri:0, instance:testCases.TC_002_Login_Test_Case@7957dc72]" started-at="2024-02-07T13:34:47 IST" name="tearDown" finished-at="2024-02-07T13:34:47 IST" duration-ms="260" status="PASS">
          <reporter-output>
          </reporter-output>
        </test-method> <!-- tearDown -->
      </class> <!-- testCases.TC_002_Login_Test_Case -->
    </test> <!-- Test -->
  </suite> <!-- Suite -->
</testng-results>
